<?xml version="1.0" encoding="UTF-8"?>
<!-- Generated by org.testng.reporters.JUnitReportReporter -->
<testsuite hostname="DESKTOP-TAN055S" failures="0" tests="1" name="IFrameHome" time="15.668" errors="0" timestamp="2022-05-31T12:28:28 IST" skipped="0">
  <testcase classname="IFrameHome" name="homePagevalidation" time="15.668"/>
  <system-out/>
</testsuite> <!-- IFrameHome -->
