<?xml version="1.0" encoding="UTF-8"?>
<!-- Generated by org.testng.reporters.JUnitReportReporter -->
<testsuite hostname="DESKTOP-TAN055S" failures="0" tests="1" name="VootHome" time="15.695" errors="0" timestamp="2022-05-31T10:09:58 IST" skipped="0">
  <testcase classname="VootHome" name="homePagevalidation" time="15.695"/>
  <system-out/>
</testsuite> <!-- VootHome -->
